26-Jun-2024 12:12:52.591 정보 [main] org.apache.catalina.startup.VersionLoggerListener.log 서버 버전 이름:    Apache Tomcat/10.1.25
26-Jun-2024 12:12:52.597 정보 [main] org.apache.catalina.startup.VersionLoggerListener.log Server 빌드 시각:  Jun 14 2024 19:31:59 UTC
26-Jun-2024 12:12:52.598 정보 [main] org.apache.catalina.startup.VersionLoggerListener.log Server 버전 번호:  10.1.25.0
26-Jun-2024 12:12:52.598 정보 [main] org.apache.catalina.startup.VersionLoggerListener.log 운영체제 이름:     Windows 11
26-Jun-2024 12:12:52.599 정보 [main] org.apache.catalina.startup.VersionLoggerListener.log 운영체제 버전:     10.0
26-Jun-2024 12:12:52.599 정보 [main] org.apache.catalina.startup.VersionLoggerListener.log 아키텍처:          amd64
26-Jun-2024 12:12:52.599 정보 [main] org.apache.catalina.startup.VersionLoggerListener.log 자바 홈:           C:\Program Files\Microsoft\jdk-17.0.11.9-hotspot
26-Jun-2024 12:12:52.600 정보 [main] org.apache.catalina.startup.VersionLoggerListener.log JVM 버전:          17.0.11+9-LTS
26-Jun-2024 12:12:52.600 정보 [main] org.apache.catalina.startup.VersionLoggerListener.log JVM 벤더:          Microsoft
26-Jun-2024 12:12:52.601 정보 [main] org.apache.catalina.startup.VersionLoggerListener.log CATALINA_BASE:     E:\dev1\apache-tomcat-10.1.25-windows-x64\apache-tomcat-10.1.25
26-Jun-2024 12:12:52.601 정보 [main] org.apache.catalina.startup.VersionLoggerListener.log CATALINA_HOME:     E:\dev1\apache-tomcat-10.1.25-windows-x64\apache-tomcat-10.1.25
26-Jun-2024 12:12:52.609 정보 [main] org.apache.catalina.startup.VersionLoggerListener.log 명령 행 아규먼트:  -Djava.util.logging.config.file=E:\dev1\apache-tomcat-10.1.25-windows-x64\apache-tomcat-10.1.25\conf\logging.properties
26-Jun-2024 12:12:52.609 정보 [main] org.apache.catalina.startup.VersionLoggerListener.log 명령 행 아규먼트:  -Djava.util.logging.manager=org.apache.juli.ClassLoaderLogManager
26-Jun-2024 12:12:52.610 정보 [main] org.apache.catalina.startup.VersionLoggerListener.log 명령 행 아규먼트:  -Djdk.tls.ephemeralDHKeySize=2048
26-Jun-2024 12:12:52.610 정보 [main] org.apache.catalina.startup.VersionLoggerListener.log 명령 행 아규먼트:  -Djava.protocol.handler.pkgs=org.apache.catalina.webresources
26-Jun-2024 12:12:52.610 정보 [main] org.apache.catalina.startup.VersionLoggerListener.log 명령 행 아규먼트:  --add-opens=java.base/java.lang=ALL-UNNAMED
26-Jun-2024 12:12:52.612 정보 [main] org.apache.catalina.startup.VersionLoggerListener.log 명령 행 아규먼트:  --add-opens=java.base/java.io=ALL-UNNAMED
26-Jun-2024 12:12:52.612 정보 [main] org.apache.catalina.startup.VersionLoggerListener.log 명령 행 아규먼트:  --add-opens=java.base/java.util=ALL-UNNAMED
26-Jun-2024 12:12:52.613 정보 [main] org.apache.catalina.startup.VersionLoggerListener.log 명령 행 아규먼트:  --add-opens=java.base/java.util.concurrent=ALL-UNNAMED
26-Jun-2024 12:12:52.613 정보 [main] org.apache.catalina.startup.VersionLoggerListener.log 명령 행 아규먼트:  --add-opens=java.rmi/sun.rmi.transport=ALL-UNNAMED
26-Jun-2024 12:12:52.614 정보 [main] org.apache.catalina.startup.VersionLoggerListener.log 명령 행 아규먼트:  -Dcatalina.base=E:\dev1\apache-tomcat-10.1.25-windows-x64\apache-tomcat-10.1.25
26-Jun-2024 12:12:52.614 정보 [main] org.apache.catalina.startup.VersionLoggerListener.log 명령 행 아규먼트:  -Dcatalina.home=E:\dev1\apache-tomcat-10.1.25-windows-x64\apache-tomcat-10.1.25
26-Jun-2024 12:12:52.614 정보 [main] org.apache.catalina.startup.VersionLoggerListener.log 명령 행 아규먼트:  -Djava.io.tmpdir=E:\dev1\apache-tomcat-10.1.25-windows-x64\apache-tomcat-10.1.25\temp
26-Jun-2024 12:12:52.618 정보 [main] org.apache.catalina.core.AprLifecycleListener.lifecycleEvent APR 버전 [1.7.4]을(를) 사용한, APR 기반 Apache Tomcat Native 라이브러리 [2.0.7]을(를) 로드했습니다.
26-Jun-2024 12:12:52.629 정보 [main] org.apache.catalina.core.AprLifecycleListener.initializeSSL OpenSSL이 성공적으로 초기화되었습니다: [OpenSSL 3.0.13 30 Jan 2024]
26-Jun-2024 12:12:52.870 정보 [main] org.apache.coyote.AbstractProtocol.init 프로토콜 핸들러 ["http-nio-8080"]을(를) 초기화합니다.
26-Jun-2024 12:12:52.894 심각 [main] org.apache.catalina.util.LifecycleBase.handleSubClassException 구성요소 [Connector["http-nio-8080"]]을(를) 초기화하지 못했습니다.
	org.apache.catalina.LifecycleException: 프로토콜 핸들러 초기화가 실패했습니다.
		at org.apache.catalina.connector.Connector.initInternal(Connector.java:1016)
		at org.apache.catalina.util.LifecycleBase.init(LifecycleBase.java:122)
		at org.apache.catalina.core.StandardService.initInternal(StandardService.java:525)
		at org.apache.catalina.util.LifecycleBase.init(LifecycleBase.java:122)
		at org.apache.catalina.core.StandardServer.initInternal(StandardServer.java:961)
		at org.apache.catalina.util.LifecycleBase.init(LifecycleBase.java:122)
		at org.apache.catalina.startup.Catalina.load(Catalina.java:708)
		at org.apache.catalina.startup.Catalina.load(Catalina.java:731)
		at java.base/jdk.internal.reflect.NativeMethodAccessorImpl.invoke0(Native Method)
		at java.base/jdk.internal.reflect.NativeMethodAccessorImpl.invoke(NativeMethodAccessorImpl.java:77)
		at java.base/jdk.internal.reflect.DelegatingMethodAccessorImpl.invoke(DelegatingMethodAccessorImpl.java:43)
		at java.base/java.lang.reflect.Method.invoke(Method.java:568)
		at org.apache.catalina.startup.Bootstrap.load(Bootstrap.java:302)
		at org.apache.catalina.startup.Bootstrap.main(Bootstrap.java:472)
	Caused by: java.net.BindException: Address already in use: bind
		at java.base/sun.nio.ch.Net.bind0(Native Method)
		at java.base/sun.nio.ch.Net.bind(Net.java:555)
		at java.base/sun.nio.ch.ServerSocketChannelImpl.netBind(ServerSocketChannelImpl.java:337)
		at java.base/sun.nio.ch.ServerSocketChannelImpl.bind(ServerSocketChannelImpl.java:294)
		at org.apache.tomcat.util.net.NioEndpoint.initServerSocket(NioEndpoint.java:239)
		at org.apache.tomcat.util.net.NioEndpoint.bind(NioEndpoint.java:194)
		at org.apache.tomcat.util.net.AbstractEndpoint.bindWithCleanup(AbstractEndpoint.java:1304)
		at org.apache.tomcat.util.net.AbstractEndpoint.init(AbstractEndpoint.java:1317)
		at org.apache.coyote.AbstractProtocol.init(AbstractProtocol.java:632)
		at org.apache.coyote.http11.AbstractHttp11Protocol.init(AbstractHttp11Protocol.java:77)
		at org.apache.catalina.connector.Connector.initInternal(Connector.java:1014)
		... 13 more
26-Jun-2024 12:12:52.897 정보 [main] org.apache.catalina.startup.Catalina.load [578] 밀리초 내에 서버가 초기화되었습니다.
26-Jun-2024 12:12:52.951 정보 [main] org.apache.catalina.core.StandardService.startInternal 서비스 [Catalina]을(를) 시작합니다.
26-Jun-2024 12:12:52.952 정보 [main] org.apache.catalina.core.StandardEngine.startInternal 서버 엔진을 시작합니다: [Apache Tomcat/10.1.25]
26-Jun-2024 12:12:52.992 정보 [main] org.apache.catalina.startup.HostConfig.deployWAR 웹 애플리케이션 아카이브 [E:\dev1\apache-tomcat-10.1.25-windows-x64\apache-tomcat-10.1.25\webapps\08_MyBbsMyBatis.war]을(를) 배치합니다.
26-Jun-2024 12:13:00.668 정보 [main] org.apache.jasper.servlet.TldScanner.scanJars 적어도 하나의 JAR가 TLD들을 찾기 위해 스캔되었으나 아무 것도 찾지 못했습니다. 스캔했으나 TLD가 없는 JAR들의 전체 목록을 보시려면, 로그 레벨을 디버그 레벨로 설정하십시오. 스캔 과정에서 불필요한 JAR들을 건너뛰면, 시스템 시작 시간과 JSP 컴파일 시간을 단축시킬 수 있습니다.
26-Jun-2024 12:13:06.675 정보 [main] org.apache.catalina.startup.HostConfig.deployWAR 웹 애플리케이션 아카이브 [E:\dev1\apache-tomcat-10.1.25-windows-x64\apache-tomcat-10.1.25\webapps\08_MyBbsMyBatis.war]의 배치가 [13,674] 밀리초에 완료되었습니다.
26-Jun-2024 12:13:06.679 정보 [main] org.apache.catalina.startup.HostConfig.deployDirectory 웹 애플리케이션 디렉토리 [E:\dev1\apache-tomcat-10.1.25-windows-x64\apache-tomcat-10.1.25\webapps\docs]을(를) 배치합니다.
26-Jun-2024 12:13:06.745 정보 [main] org.apache.catalina.startup.HostConfig.deployDirectory 웹 애플리케이션 디렉토리 [E:\dev1\apache-tomcat-10.1.25-windows-x64\apache-tomcat-10.1.25\webapps\docs]에 대한 배치가 [66] 밀리초에 완료되었습니다.
26-Jun-2024 12:13:06.748 정보 [main] org.apache.catalina.startup.HostConfig.deployDirectory 웹 애플리케이션 디렉토리 [E:\dev1\apache-tomcat-10.1.25-windows-x64\apache-tomcat-10.1.25\webapps\examples]을(를) 배치합니다.
26-Jun-2024 12:13:07.237 정보 [main] org.apache.catalina.startup.HostConfig.deployDirectory 웹 애플리케이션 디렉토리 [E:\dev1\apache-tomcat-10.1.25-windows-x64\apache-tomcat-10.1.25\webapps\examples]에 대한 배치가 [489] 밀리초에 완료되었습니다.
26-Jun-2024 12:13:07.239 정보 [main] org.apache.catalina.startup.HostConfig.deployDirectory 웹 애플리케이션 디렉토리 [E:\dev1\apache-tomcat-10.1.25-windows-x64\apache-tomcat-10.1.25\webapps\host-manager]을(를) 배치합니다.
26-Jun-2024 12:13:07.330 정보 [main] org.apache.catalina.startup.HostConfig.deployDirectory 웹 애플리케이션 디렉토리 [E:\dev1\apache-tomcat-10.1.25-windows-x64\apache-tomcat-10.1.25\webapps\host-manager]에 대한 배치가 [81] 밀리초에 완료되었습니다.
26-Jun-2024 12:13:07.331 정보 [main] org.apache.catalina.startup.HostConfig.deployDirectory 웹 애플리케이션 디렉토리 [E:\dev1\apache-tomcat-10.1.25-windows-x64\apache-tomcat-10.1.25\webapps\manager]을(를) 배치합니다.
26-Jun-2024 12:13:07.400 정보 [main] org.apache.catalina.startup.HostConfig.deployDirectory 웹 애플리케이션 디렉토리 [E:\dev1\apache-tomcat-10.1.25-windows-x64\apache-tomcat-10.1.25\webapps\manager]에 대한 배치가 [69] 밀리초에 완료되었습니다.
26-Jun-2024 12:13:07.401 정보 [main] org.apache.catalina.startup.HostConfig.deployDirectory 웹 애플리케이션 디렉토리 [E:\dev1\apache-tomcat-10.1.25-windows-x64\apache-tomcat-10.1.25\webapps\ROOT]을(를) 배치합니다.
26-Jun-2024 12:13:07.473 정보 [main] org.apache.catalina.startup.HostConfig.deployDirectory 웹 애플리케이션 디렉토리 [E:\dev1\apache-tomcat-10.1.25-windows-x64\apache-tomcat-10.1.25\webapps\ROOT]에 대한 배치가 [71] 밀리초에 완료되었습니다.
26-Jun-2024 12:13:07.497 정보 [main] org.apache.catalina.startup.Catalina.start 서버가 [14599] 밀리초 내에 시작되었습니다.
26-Jun-2024 12:17:41.788 정보 [main] org.apache.catalina.startup.VersionLoggerListener.log 서버 버전 이름:    Apache Tomcat/10.1.25
26-Jun-2024 12:17:41.795 정보 [main] org.apache.catalina.startup.VersionLoggerListener.log Server 빌드 시각:  Jun 14 2024 19:31:59 UTC
26-Jun-2024 12:17:41.796 정보 [main] org.apache.catalina.startup.VersionLoggerListener.log Server 버전 번호:  10.1.25.0
26-Jun-2024 12:17:41.796 정보 [main] org.apache.catalina.startup.VersionLoggerListener.log 운영체제 이름:     Windows 11
26-Jun-2024 12:17:41.797 정보 [main] org.apache.catalina.startup.VersionLoggerListener.log 운영체제 버전:     10.0
26-Jun-2024 12:17:41.797 정보 [main] org.apache.catalina.startup.VersionLoggerListener.log 아키텍처:          amd64
26-Jun-2024 12:17:41.798 정보 [main] org.apache.catalina.startup.VersionLoggerListener.log 자바 홈:           C:\Program Files\Microsoft\jdk-17.0.11.9-hotspot
26-Jun-2024 12:17:41.799 정보 [main] org.apache.catalina.startup.VersionLoggerListener.log JVM 버전:          17.0.11+9-LTS
26-Jun-2024 12:17:41.799 정보 [main] org.apache.catalina.startup.VersionLoggerListener.log JVM 벤더:          Microsoft
26-Jun-2024 12:17:41.800 정보 [main] org.apache.catalina.startup.VersionLoggerListener.log CATALINA_BASE:     E:\dev1\apache-tomcat-10.1.25-windows-x64\apache-tomcat-10.1.25
26-Jun-2024 12:17:41.800 정보 [main] org.apache.catalina.startup.VersionLoggerListener.log CATALINA_HOME:     E:\dev1\apache-tomcat-10.1.25-windows-x64\apache-tomcat-10.1.25
26-Jun-2024 12:17:41.812 정보 [main] org.apache.catalina.startup.VersionLoggerListener.log 명령 행 아규먼트:  -Djava.util.logging.config.file=E:\dev1\apache-tomcat-10.1.25-windows-x64\apache-tomcat-10.1.25\conf\logging.properties
26-Jun-2024 12:17:41.813 정보 [main] org.apache.catalina.startup.VersionLoggerListener.log 명령 행 아규먼트:  -Djava.util.logging.manager=org.apache.juli.ClassLoaderLogManager
26-Jun-2024 12:17:41.814 정보 [main] org.apache.catalina.startup.VersionLoggerListener.log 명령 행 아규먼트:  -Djdk.tls.ephemeralDHKeySize=2048
26-Jun-2024 12:17:41.814 정보 [main] org.apache.catalina.startup.VersionLoggerListener.log 명령 행 아규먼트:  -Djava.protocol.handler.pkgs=org.apache.catalina.webresources
26-Jun-2024 12:17:41.815 정보 [main] org.apache.catalina.startup.VersionLoggerListener.log 명령 행 아규먼트:  --add-opens=java.base/java.lang=ALL-UNNAMED
26-Jun-2024 12:17:41.815 정보 [main] org.apache.catalina.startup.VersionLoggerListener.log 명령 행 아규먼트:  --add-opens=java.base/java.io=ALL-UNNAMED
26-Jun-2024 12:17:41.815 정보 [main] org.apache.catalina.startup.VersionLoggerListener.log 명령 행 아규먼트:  --add-opens=java.base/java.util=ALL-UNNAMED
26-Jun-2024 12:17:41.816 정보 [main] org.apache.catalina.startup.VersionLoggerListener.log 명령 행 아규먼트:  --add-opens=java.base/java.util.concurrent=ALL-UNNAMED
26-Jun-2024 12:17:41.816 정보 [main] org.apache.catalina.startup.VersionLoggerListener.log 명령 행 아규먼트:  --add-opens=java.rmi/sun.rmi.transport=ALL-UNNAMED
26-Jun-2024 12:17:41.816 정보 [main] org.apache.catalina.startup.VersionLoggerListener.log 명령 행 아규먼트:  -Dcatalina.base=E:\dev1\apache-tomcat-10.1.25-windows-x64\apache-tomcat-10.1.25
26-Jun-2024 12:17:41.817 정보 [main] org.apache.catalina.startup.VersionLoggerListener.log 명령 행 아규먼트:  -Dcatalina.home=E:\dev1\apache-tomcat-10.1.25-windows-x64\apache-tomcat-10.1.25
26-Jun-2024 12:17:41.817 정보 [main] org.apache.catalina.startup.VersionLoggerListener.log 명령 행 아규먼트:  -Djava.io.tmpdir=E:\dev1\apache-tomcat-10.1.25-windows-x64\apache-tomcat-10.1.25\temp
26-Jun-2024 12:17:41.822 정보 [main] org.apache.catalina.core.AprLifecycleListener.lifecycleEvent APR 버전 [1.7.4]을(를) 사용한, APR 기반 Apache Tomcat Native 라이브러리 [2.0.7]을(를) 로드했습니다.
26-Jun-2024 12:17:41.828 정보 [main] org.apache.catalina.core.AprLifecycleListener.initializeSSL OpenSSL이 성공적으로 초기화되었습니다: [OpenSSL 3.0.13 30 Jan 2024]
26-Jun-2024 12:17:42.146 정보 [main] org.apache.coyote.AbstractProtocol.init 프로토콜 핸들러 ["http-nio-8080"]을(를) 초기화합니다.
26-Jun-2024 12:17:42.196 정보 [main] org.apache.catalina.startup.Catalina.load [710] 밀리초 내에 서버가 초기화되었습니다.
26-Jun-2024 12:17:42.266 정보 [main] org.apache.catalina.core.StandardService.startInternal 서비스 [Catalina]을(를) 시작합니다.
26-Jun-2024 12:17:42.267 정보 [main] org.apache.catalina.core.StandardEngine.startInternal 서버 엔진을 시작합니다: [Apache Tomcat/10.1.25]
26-Jun-2024 12:17:42.305 정보 [main] org.apache.catalina.startup.HostConfig.deployWAR 웹 애플리케이션 아카이브 [E:\dev1\apache-tomcat-10.1.25-windows-x64\apache-tomcat-10.1.25\webapps\08_MyBbsMyBatis.war]을(를) 배치합니다.
26-Jun-2024 12:17:45.228 정보 [main] org.apache.jasper.servlet.TldScanner.scanJars 적어도 하나의 JAR가 TLD들을 찾기 위해 스캔되었으나 아무 것도 찾지 못했습니다. 스캔했으나 TLD가 없는 JAR들의 전체 목록을 보시려면, 로그 레벨을 디버그 레벨로 설정하십시오. 스캔 과정에서 불필요한 JAR들을 건너뛰면, 시스템 시작 시간과 JSP 컴파일 시간을 단축시킬 수 있습니다.
26-Jun-2024 12:17:50.660 경고 [main] org.apache.catalina.util.SessionIdGeneratorBase.createSecureRandom [SHA1PRNG] 알고리즘을 사용하여, 세션 ID를 생성하기 위한 SecureRandom 객체를 생성하는데, [135] 밀리초가 소요됐습니다.
26-Jun-2024 12:17:50.731 정보 [main] org.apache.catalina.startup.HostConfig.deployWAR 웹 애플리케이션 아카이브 [E:\dev1\apache-tomcat-10.1.25-windows-x64\apache-tomcat-10.1.25\webapps\08_MyBbsMyBatis.war]의 배치가 [8,425] 밀리초에 완료되었습니다.
26-Jun-2024 12:17:50.734 정보 [main] org.apache.catalina.startup.HostConfig.deployDirectory 웹 애플리케이션 디렉토리 [E:\dev1\apache-tomcat-10.1.25-windows-x64\apache-tomcat-10.1.25\webapps\docs]을(를) 배치합니다.
26-Jun-2024 12:17:50.798 정보 [main] org.apache.catalina.startup.HostConfig.deployDirectory 웹 애플리케이션 디렉토리 [E:\dev1\apache-tomcat-10.1.25-windows-x64\apache-tomcat-10.1.25\webapps\docs]에 대한 배치가 [63] 밀리초에 완료되었습니다.
26-Jun-2024 12:17:50.801 정보 [main] org.apache.catalina.startup.HostConfig.deployDirectory 웹 애플리케이션 디렉토리 [E:\dev1\apache-tomcat-10.1.25-windows-x64\apache-tomcat-10.1.25\webapps\examples]을(를) 배치합니다.
26-Jun-2024 12:17:51.458 정보 [main] org.apache.catalina.startup.HostConfig.deployDirectory 웹 애플리케이션 디렉토리 [E:\dev1\apache-tomcat-10.1.25-windows-x64\apache-tomcat-10.1.25\webapps\examples]에 대한 배치가 [658] 밀리초에 완료되었습니다.
26-Jun-2024 12:17:51.460 정보 [main] org.apache.catalina.startup.HostConfig.deployDirectory 웹 애플리케이션 디렉토리 [E:\dev1\apache-tomcat-10.1.25-windows-x64\apache-tomcat-10.1.25\webapps\host-manager]을(를) 배치합니다.
26-Jun-2024 12:17:51.572 정보 [main] org.apache.catalina.startup.HostConfig.deployDirectory 웹 애플리케이션 디렉토리 [E:\dev1\apache-tomcat-10.1.25-windows-x64\apache-tomcat-10.1.25\webapps\host-manager]에 대한 배치가 [111] 밀리초에 완료되었습니다.
26-Jun-2024 12:17:51.574 정보 [main] org.apache.catalina.startup.HostConfig.deployDirectory 웹 애플리케이션 디렉토리 [E:\dev1\apache-tomcat-10.1.25-windows-x64\apache-tomcat-10.1.25\webapps\manager]을(를) 배치합니다.
26-Jun-2024 12:17:51.689 정보 [main] org.apache.catalina.startup.HostConfig.deployDirectory 웹 애플리케이션 디렉토리 [E:\dev1\apache-tomcat-10.1.25-windows-x64\apache-tomcat-10.1.25\webapps\manager]에 대한 배치가 [114] 밀리초에 완료되었습니다.
26-Jun-2024 12:17:51.690 정보 [main] org.apache.catalina.startup.HostConfig.deployDirectory 웹 애플리케이션 디렉토리 [E:\dev1\apache-tomcat-10.1.25-windows-x64\apache-tomcat-10.1.25\webapps\ROOT]을(를) 배치합니다.
26-Jun-2024 12:17:51.749 정보 [main] org.apache.catalina.startup.HostConfig.deployDirectory 웹 애플리케이션 디렉토리 [E:\dev1\apache-tomcat-10.1.25-windows-x64\apache-tomcat-10.1.25\webapps\ROOT]에 대한 배치가 [58] 밀리초에 완료되었습니다.
26-Jun-2024 12:17:51.764 정보 [main] org.apache.coyote.AbstractProtocol.start 프로토콜 핸들러 ["http-nio-8080"]을(를) 시작합니다.
26-Jun-2024 12:17:52.107 정보 [main] org.apache.catalina.startup.Catalina.start 서버가 [9910] 밀리초 내에 시작되었습니다.
26-Jun-2024 12:42:37.156 정보 [Thread-2] org.apache.coyote.AbstractProtocol.pause 프로토콜 핸들러 ["http-nio-8080"]을(를) 일시 정지 중
26-Jun-2024 12:42:37.721 정보 [Thread-2] org.apache.catalina.core.StandardService.stopInternal 서비스 [Catalina]을(를) 중지시킵니다.
